[31-Jul-2017 11:02:37 UTC] PHP Warning:  require(/api/configs/routes.php): failed to open stream: No such file or directory in /home/ubuntu/workspace/Tema_finala/api/index.php on line 5
[31-Jul-2017 11:02:37 UTC] PHP Stack trace:
[31-Jul-2017 11:02:37 UTC] PHP   1. {main}() /home/ubuntu/workspace/Tema_finala/api/index.php:0
[31-Jul-2017 11:02:37 UTC] PHP Fatal error:  require(): Failed opening required '/api/configs/routes.php' (include_path='.:/usr/share/php:/usr/share/pear') in /home/ubuntu/workspace/Tema_finala/api/index.php on line 5
[31-Jul-2017 11:02:37 UTC] PHP Stack trace:
[31-Jul-2017 11:02:37 UTC] PHP   1. {main}() /home/ubuntu/workspace/Tema_finala/api/index.php:0
[31-Jul-2017 11:03:16 UTC] PHP Warning:  require(/configs/routes.php): failed to open stream: No such file or directory in /home/ubuntu/workspace/Tema_finala/api/index.php on line 5
[31-Jul-2017 11:03:16 UTC] PHP Stack trace:
[31-Jul-2017 11:03:16 UTC] PHP   1. {main}() /home/ubuntu/workspace/Tema_finala/api/index.php:0
[31-Jul-2017 11:03:16 UTC] PHP Fatal error:  require(): Failed opening required '/configs/routes.php' (include_path='.:/usr/share/php:/usr/share/pear') in /home/ubuntu/workspace/Tema_finala/api/index.php on line 5
[31-Jul-2017 11:03:16 UTC] PHP Stack trace:
[31-Jul-2017 11:03:16 UTC] PHP   1. {main}() /home/ubuntu/workspace/Tema_finala/api/index.php:0
[31-Jul-2017 11:04:34 UTC] PHP Warning:  require(api/configs/routes.php): failed to open stream: No such file or directory in /home/ubuntu/workspace/Tema_finala/api/index.php on line 5
[31-Jul-2017 11:04:34 UTC] PHP Stack trace:
[31-Jul-2017 11:04:34 UTC] PHP   1. {main}() /home/ubuntu/workspace/Tema_finala/api/index.php:0
[31-Jul-2017 11:04:34 UTC] PHP Fatal error:  require(): Failed opening required 'api/configs/routes.php' (include_path='.:/usr/share/php:/usr/share/pear') in /home/ubuntu/workspace/Tema_finala/api/index.php on line 5
[31-Jul-2017 11:04:34 UTC] PHP Stack trace:
[31-Jul-2017 11:04:34 UTC] PHP   1. {main}() /home/ubuntu/workspace/Tema_finala/api/index.php:0
[31-Jul-2017 11:44:45 UTC] PHP Fatal error:  Class 'Articles' not found in /home/ubuntu/workspace/Tema_finala/api/index.php on line 34
[31-Jul-2017 11:44:45 UTC] PHP Stack trace:
[31-Jul-2017 11:44:45 UTC] PHP   1. {main}() /home/ubuntu/workspace/Tema_finala/api/index.php:0
[31-Jul-2017 12:04:17 UTC] PHP Fatal error:  Class 'Articles' not found in /home/ubuntu/workspace/Tema_finala/api/index.php on line 34
[31-Jul-2017 12:04:17 UTC] PHP Stack trace:
[31-Jul-2017 12:04:17 UTC] PHP   1. {main}() /home/ubuntu/workspace/Tema_finala/api/index.php:0
[31-Jul-2017 12:05:09 UTC] PHP Fatal error:  Class 'Articles' not found in /home/ubuntu/workspace/Tema_finala/api/index.php on line 34
[31-Jul-2017 12:05:09 UTC] PHP Stack trace:
[31-Jul-2017 12:05:09 UTC] PHP   1. {main}() /home/ubuntu/workspace/Tema_finala/api/index.php:0
[31-Jul-2017 15:47:33 UTC] PHP Fatal error:  Call to undefined function addPhoto() in /home/ubuntu/workspace/Tema_finala/api/controllers/Articles.php on line 35
[31-Jul-2017 15:47:33 UTC] PHP Stack trace:
[31-Jul-2017 15:47:33 UTC] PHP   1. {main}() /home/ubuntu/workspace/Tema_finala/api/index.php:0
[31-Jul-2017 15:47:33 UTC] PHP   2. Articles->addItem() /home/ubuntu/workspace/Tema_finala/api/index.php:38
[31-Jul-2017 15:51:16 UTC] PHP Fatal error:  Call to undefined function addPhoto() in /home/ubuntu/workspace/Tema_finala/api/controllers/Articles.php on line 35
[31-Jul-2017 15:51:16 UTC] PHP Stack trace:
[31-Jul-2017 15:51:16 UTC] PHP   1. {main}() /home/ubuntu/workspace/Tema_finala/api/index.php:0
[31-Jul-2017 15:51:16 UTC] PHP   2. Articles->addItem() /home/ubuntu/workspace/Tema_finala/api/index.php:38
[31-Jul-2017 15:52:06 UTC] PHP Fatal error:  Call to undefined function addPhoto() in /home/ubuntu/workspace/Tema_finala/api/controllers/Articles.php on line 54
[31-Jul-2017 15:52:06 UTC] PHP Stack trace:
[31-Jul-2017 15:52:06 UTC] PHP   1. {main}() /home/ubuntu/workspace/Tema_finala/api/index.php:0
[31-Jul-2017 15:52:06 UTC] PHP   2. Articles->addItem() /home/ubuntu/workspace/Tema_finala/api/index.php:38
[31-Jul-2017 15:53:52 UTC] PHP Fatal error:  Call to undefined function addPhoto() in /home/ubuntu/workspace/Tema_finala/api/controllers/Articles.php on line 35
[31-Jul-2017 15:53:52 UTC] PHP Stack trace:
[31-Jul-2017 15:53:52 UTC] PHP   1. {main}() /home/ubuntu/workspace/Tema_finala/api/index.php:0
[31-Jul-2017 15:53:52 UTC] PHP   2. Articles->addItem() /home/ubuntu/workspace/Tema_finala/api/index.php:38
[31-Jul-2017 15:54:49 UTC] PHP Fatal error:  Call to undefined function addPhoto() in /home/ubuntu/workspace/Tema_finala/api/controllers/Articles.php on line 35
[31-Jul-2017 15:54:49 UTC] PHP Stack trace:
[31-Jul-2017 15:54:49 UTC] PHP   1. {main}() /home/ubuntu/workspace/Tema_finala/api/index.php:0
[31-Jul-2017 15:54:49 UTC] PHP   2. Articles->addItem() /home/ubuntu/workspace/Tema_finala/api/index.php:38
[31-Jul-2017 15:55:40 UTC] PHP Warning:  require(/helpers/images.php): failed to open stream: No such file or directory in /home/ubuntu/workspace/Tema_finala/api/controllers/Articles.php on line 69
[31-Jul-2017 15:55:40 UTC] PHP Stack trace:
[31-Jul-2017 15:55:40 UTC] PHP   1. {main}() /home/ubuntu/workspace/Tema_finala/api/index.php:0
[31-Jul-2017 15:55:40 UTC] PHP   2. Articles->addItem() /home/ubuntu/workspace/Tema_finala/api/index.php:38
[31-Jul-2017 15:55:40 UTC] PHP   3. Articles->addPhoto() /home/ubuntu/workspace/Tema_finala/api/controllers/Articles.php:35
[31-Jul-2017 15:55:40 UTC] PHP Fatal error:  require(): Failed opening required '/helpers/images.php' (include_path='.:/usr/share/php:/usr/share/pear') in /home/ubuntu/workspace/Tema_finala/api/controllers/Articles.php on line 69
[31-Jul-2017 15:55:40 UTC] PHP Stack trace:
[31-Jul-2017 15:55:40 UTC] PHP   1. {main}() /home/ubuntu/workspace/Tema_finala/api/index.php:0
[31-Jul-2017 15:55:40 UTC] PHP   2. Articles->addItem() /home/ubuntu/workspace/Tema_finala/api/index.php:38
[31-Jul-2017 15:55:40 UTC] PHP   3. Articles->addPhoto() /home/ubuntu/workspace/Tema_finala/api/controllers/Articles.php:35
[31-Jul-2017 15:59:42 UTC] PHP Fatal error:  Call to undefined function is_image() in /home/ubuntu/workspace/Tema_finala/api/controllers/Articles.php on line 72
[31-Jul-2017 15:59:42 UTC] PHP Stack trace:
[31-Jul-2017 15:59:42 UTC] PHP   1. {main}() /home/ubuntu/workspace/Tema_finala/api/index.php:0
[31-Jul-2017 15:59:42 UTC] PHP   2. Articles->addItem() /home/ubuntu/workspace/Tema_finala/api/index.php:38
[31-Jul-2017 15:59:42 UTC] PHP   3. Articles->addPhoto() /home/ubuntu/workspace/Tema_finala/api/controllers/Articles.php:35
[31-Jul-2017 16:25:08 UTC] PHP Warning:  exif_imagetype(12400565_1006018672798008_4016198491543840554_n.jpg): failed to open stream: No such file or directory in /home/ubuntu/workspace/Tema_finala/api/helpers/images.php on line 9
[31-Jul-2017 16:25:08 UTC] PHP Stack trace:
[31-Jul-2017 16:25:08 UTC] PHP   1. {main}() /home/ubuntu/workspace/Tema_finala/api/index.php:0
[31-Jul-2017 16:25:08 UTC] PHP   2. Articles->addItem() /home/ubuntu/workspace/Tema_finala/api/index.php:38
[31-Jul-2017 16:25:08 UTC] PHP   3. Articles->addPhoto() /home/ubuntu/workspace/Tema_finala/api/controllers/Articles.php:35
[31-Jul-2017 16:25:08 UTC] PHP   4. isImage() /home/ubuntu/workspace/Tema_finala/api/controllers/Articles.php:73
[31-Jul-2017 16:25:08 UTC] PHP   5. exif_imagetype() /home/ubuntu/workspace/Tema_finala/api/helpers/images.php:9
[31-Jul-2017 16:43:36 UTC] PHP Warning:  exif_imagetype(grass_PNG4930.png): failed to open stream: No such file or directory in /home/ubuntu/workspace/Tema_finala/api/helpers/images.php on line 9
[31-Jul-2017 16:43:36 UTC] PHP Stack trace:
[31-Jul-2017 16:43:36 UTC] PHP   1. {main}() /home/ubuntu/workspace/Tema_finala/api/index.php:0
[31-Jul-2017 16:43:36 UTC] PHP   2. Articles->addItem() /home/ubuntu/workspace/Tema_finala/api/index.php:38
[31-Jul-2017 16:43:36 UTC] PHP   3. Articles->addPhoto() /home/ubuntu/workspace/Tema_finala/api/controllers/Articles.php:35
[31-Jul-2017 16:43:36 UTC] PHP   4. isImage() /home/ubuntu/workspace/Tema_finala/api/controllers/Articles.php:73
[31-Jul-2017 16:43:36 UTC] PHP   5. exif_imagetype() /home/ubuntu/workspace/Tema_finala/api/helpers/images.php:9
[31-Jul-2017 16:44:59 UTC] PHP Warning:  exif_imagetype(grass_PNG4930.png): failed to open stream: No such file or directory in /home/ubuntu/workspace/Tema_finala/api/helpers/images.php on line 9
[31-Jul-2017 16:44:59 UTC] PHP Stack trace:
[31-Jul-2017 16:44:59 UTC] PHP   1. {main}() /home/ubuntu/workspace/Tema_finala/api/index.php:0
[31-Jul-2017 16:44:59 UTC] PHP   2. Articles->addItem() /home/ubuntu/workspace/Tema_finala/api/index.php:38
[31-Jul-2017 16:44:59 UTC] PHP   3. Articles->addPhoto() /home/ubuntu/workspace/Tema_finala/api/controllers/Articles.php:35
[31-Jul-2017 16:44:59 UTC] PHP   4. isImage() /home/ubuntu/workspace/Tema_finala/api/controllers/Articles.php:73
[31-Jul-2017 16:44:59 UTC] PHP   5. exif_imagetype() /home/ubuntu/workspace/Tema_finala/api/helpers/images.php:9
[31-Jul-2017 16:45:24 UTC] PHP Warning:  exif_imagetype(grass_PNG4930.png): failed to open stream: No such file or directory in /home/ubuntu/workspace/Tema_finala/api/helpers/images.php on line 9
[31-Jul-2017 16:45:24 UTC] PHP Stack trace:
[31-Jul-2017 16:45:24 UTC] PHP   1. {main}() /home/ubuntu/workspace/Tema_finala/api/index.php:0
[31-Jul-2017 16:45:24 UTC] PHP   2. Articles->addItem() /home/ubuntu/workspace/Tema_finala/api/index.php:38
[31-Jul-2017 16:45:24 UTC] PHP   3. Articles->addPhoto() /home/ubuntu/workspace/Tema_finala/api/controllers/Articles.php:35
[31-Jul-2017 16:45:24 UTC] PHP   4. isImage() /home/ubuntu/workspace/Tema_finala/api/controllers/Articles.php:73
[31-Jul-2017 16:45:24 UTC] PHP   5. exif_imagetype() /home/ubuntu/workspace/Tema_finala/api/helpers/images.php:9
[31-Jul-2017 16:45:42 UTC] PHP Warning:  exif_imagetype(grass_PNG4930.png): failed to open stream: No such file or directory in /home/ubuntu/workspace/Tema_finala/api/helpers/images.php on line 9
[31-Jul-2017 16:45:42 UTC] PHP Stack trace:
[31-Jul-2017 16:45:42 UTC] PHP   1. {main}() /home/ubuntu/workspace/Tema_finala/api/index.php:0
[31-Jul-2017 16:45:42 UTC] PHP   2. Articles->addItem() /home/ubuntu/workspace/Tema_finala/api/index.php:38
[31-Jul-2017 16:45:42 UTC] PHP   3. Articles->addPhoto() /home/ubuntu/workspace/Tema_finala/api/controllers/Articles.php:35
[31-Jul-2017 16:45:42 UTC] PHP   4. isImage() /home/ubuntu/workspace/Tema_finala/api/controllers/Articles.php:73
[31-Jul-2017 16:45:42 UTC] PHP   5. exif_imagetype() /home/ubuntu/workspace/Tema_finala/api/helpers/images.php:9
[31-Jul-2017 16:46:33 UTC] PHP Warning:  exif_imagetype() expects parameter 1 to be string, array given in /home/ubuntu/workspace/Tema_finala/api/helpers/images.php on line 9
[31-Jul-2017 16:46:33 UTC] PHP Stack trace:
[31-Jul-2017 16:46:33 UTC] PHP   1. {main}() /home/ubuntu/workspace/Tema_finala/api/index.php:0
[31-Jul-2017 16:46:33 UTC] PHP   2. Articles->addItem() /home/ubuntu/workspace/Tema_finala/api/index.php:38
[31-Jul-2017 16:46:33 UTC] PHP   3. Articles->addPhoto() /home/ubuntu/workspace/Tema_finala/api/controllers/Articles.php:35
[31-Jul-2017 16:46:33 UTC] PHP   4. isImage() /home/ubuntu/workspace/Tema_finala/api/controllers/Articles.php:73
[31-Jul-2017 16:46:33 UTC] PHP   5. exif_imagetype() /home/ubuntu/workspace/Tema_finala/api/helpers/images.php:9
[31-Jul-2017 16:47:16 UTC] PHP Warning:  exif_imagetype() expects parameter 1 to be string, array given in /home/ubuntu/workspace/Tema_finala/api/helpers/images.php on line 9
[31-Jul-2017 16:47:16 UTC] PHP Stack trace:
[31-Jul-2017 16:47:16 UTC] PHP   1. {main}() /home/ubuntu/workspace/Tema_finala/api/index.php:0
[31-Jul-2017 16:47:16 UTC] PHP   2. Articles->addItem() /home/ubuntu/workspace/Tema_finala/api/index.php:38
[31-Jul-2017 16:47:16 UTC] PHP   3. Articles->addPhoto() /home/ubuntu/workspace/Tema_finala/api/controllers/Articles.php:35
[31-Jul-2017 16:47:16 UTC] PHP   4. isImage() /home/ubuntu/workspace/Tema_finala/api/controllers/Articles.php:73
[31-Jul-2017 16:47:16 UTC] PHP   5. exif_imagetype() /home/ubuntu/workspace/Tema_finala/api/helpers/images.php:9
[31-Jul-2017 17:03:00 UTC] PHP Parse error:  syntax error, unexpected '$newName' (T_VARIABLE) in /home/ubuntu/workspace/Tema_finala/api/helpers/images.php on line 20
[31-Jul-2017 17:03:00 UTC] PHP Stack trace:
[31-Jul-2017 17:03:00 UTC] PHP   1. {main}() /home/ubuntu/workspace/Tema_finala/api/index.php:0
[31-Jul-2017 17:03:00 UTC] PHP   2. Articles->addItem() /home/ubuntu/workspace/Tema_finala/api/index.php:38
[31-Jul-2017 17:03:00 UTC] PHP   3. Articles->addPhoto() /home/ubuntu/workspace/Tema_finala/api/controllers/Articles.php:35
[01-Aug-2017 11:06:55 UTC] PHP Fatal error:  Call to a member function execute() on a non-object in /home/ubuntu/workspace/Tema_finala/api/models/ArticlesModel.php on line 20
[01-Aug-2017 11:06:55 UTC] PHP Stack trace:
[01-Aug-2017 11:06:55 UTC] PHP   1. {main}() /home/ubuntu/workspace/Tema_finala/api/index.php:0
[01-Aug-2017 11:06:55 UTC] PHP   2. Articles->addItem() /home/ubuntu/workspace/Tema_finala/api/index.php:38
[01-Aug-2017 11:06:55 UTC] PHP   3. ArticlesModel->insertItem() /home/ubuntu/workspace/Tema_finala/api/controllers/Articles.php:31
[01-Aug-2017 15:07:04 UTC] PHP Warning:  Missing argument 1 for Comments::getAll(), called in /home/ubuntu/workspace/Tema_finala/api/index.php on line 38 and defined in /home/ubuntu/workspace/Tema_finala/api/controllers/Comments.php on line 13
[01-Aug-2017 15:07:04 UTC] PHP Stack trace:
[01-Aug-2017 15:07:04 UTC] PHP   1. {main}() /home/ubuntu/workspace/Tema_finala/api/index.php:0
[01-Aug-2017 15:07:04 UTC] PHP   2. Comments->getAll() /home/ubuntu/workspace/Tema_finala/api/index.php:38
[01-Aug-2017 15:07:04 UTC] PHP Fatal error:  Call to a member function execute() on a non-object in /home/ubuntu/workspace/Tema_finala/api/models/DB.php on line 23
[01-Aug-2017 15:07:04 UTC] PHP Stack trace:
[01-Aug-2017 15:07:04 UTC] PHP   1. {main}() /home/ubuntu/workspace/Tema_finala/api/index.php:0
[01-Aug-2017 15:07:04 UTC] PHP   2. Comments->getAll() /home/ubuntu/workspace/Tema_finala/api/index.php:38
[01-Aug-2017 15:07:04 UTC] PHP   3. CommentsModel->selectAll() /home/ubuntu/workspace/Tema_finala/api/controllers/Comments.php:14
[01-Aug-2017 15:07:04 UTC] PHP   4. DB->executeQuery() /home/ubuntu/workspace/Tema_finala/api/models/CommentsModel.php:9
[01-Aug-2017 15:55:00 UTC] PHP Warning:  Missing argument 1 for ArticlesModel::selectAll(), called in /home/ubuntu/workspace/Tema_finala/api/controllers/Articles.php on line 14 and defined in /home/ubuntu/workspace/Tema_finala/api/models/ArticlesModel.php on line 7
[01-Aug-2017 15:55:00 UTC] PHP Stack trace:
[01-Aug-2017 15:55:00 UTC] PHP   1. {main}() /home/ubuntu/workspace/Tema_finala/api/index.php:0
[01-Aug-2017 15:55:00 UTC] PHP   2. Articles->getAll() /home/ubuntu/workspace/Tema_finala/api/index.php:38
[01-Aug-2017 15:55:00 UTC] PHP   3. ArticlesModel->selectAll() /home/ubuntu/workspace/Tema_finala/api/controllers/Articles.php:14
[02-Aug-2017 05:25:19 UTC] PHP Warning:  preg_match(): No ending delimiter '^' found in /home/ubuntu/workspace/Tema_finala/api/helpers/users.php on line 34
[02-Aug-2017 05:25:19 UTC] PHP Stack trace:
[02-Aug-2017 05:25:19 UTC] PHP   1. {main}() /home/ubuntu/workspace/Tema_finala/api/index.php:0
[02-Aug-2017 05:25:19 UTC] PHP   2. Users->signup() /home/ubuntu/workspace/Tema_finala/api/index.php:38
[02-Aug-2017 05:25:19 UTC] PHP   3. validPassFormat() /home/ubuntu/workspace/Tema_finala/api/controllers/Users.php:26
[02-Aug-2017 05:25:19 UTC] PHP   4. preg_match() /home/ubuntu/workspace/Tema_finala/api/helpers/users.php:34
[02-Aug-2017 10:01:47 UTC] PHP Warning:  Missing argument 2 for ArticlesModel::selectAll(), called in /home/ubuntu/workspace/Tema_finala/api/controllers/Articles.php on line 17 and defined in /home/ubuntu/workspace/Tema_finala/api/models/ArticlesModel.php on line 7
[02-Aug-2017 10:01:47 UTC] PHP Stack trace:
[02-Aug-2017 10:01:47 UTC] PHP   1. {main}() /home/ubuntu/workspace/Tema_finala/api/index.php:0
[02-Aug-2017 10:01:47 UTC] PHP   2. Articles->getAll() /home/ubuntu/workspace/Tema_finala/api/index.php:38
[02-Aug-2017 10:01:47 UTC] PHP   3. ArticlesModel->selectAll() /home/ubuntu/workspace/Tema_finala/api/controllers/Articles.php:17
[02-Aug-2017 10:01:47 UTC] PHP Warning:  Missing argument 3 for ArticlesModel::selectAll(), called in /home/ubuntu/workspace/Tema_finala/api/controllers/Articles.php on line 17 and defined in /home/ubuntu/workspace/Tema_finala/api/models/ArticlesModel.php on line 7
[02-Aug-2017 10:01:47 UTC] PHP Stack trace:
[02-Aug-2017 10:01:47 UTC] PHP   1. {main}() /home/ubuntu/workspace/Tema_finala/api/index.php:0
[02-Aug-2017 10:01:47 UTC] PHP   2. Articles->getAll() /home/ubuntu/workspace/Tema_finala/api/index.php:38
[02-Aug-2017 10:01:47 UTC] PHP   3. ArticlesModel->selectAll() /home/ubuntu/workspace/Tema_finala/api/controllers/Articles.php:17
[02-Aug-2017 10:01:47 UTC] PHP Fatal error:  Call to a member function execute() on a non-object in /home/ubuntu/workspace/Tema_finala/api/models/ArticlesModel.php on line 10
[02-Aug-2017 10:01:47 UTC] PHP Stack trace:
[02-Aug-2017 10:01:47 UTC] PHP   1. {main}() /home/ubuntu/workspace/Tema_finala/api/index.php:0
[02-Aug-2017 10:01:47 UTC] PHP   2. Articles->getAll() /home/ubuntu/workspace/Tema_finala/api/index.php:38
[02-Aug-2017 10:01:47 UTC] PHP   3. ArticlesModel->selectAll() /home/ubuntu/workspace/Tema_finala/api/controllers/Articles.php:17
[02-Aug-2017 10:25:49 UTC] PHP Parse error:  syntax error, unexpected '}' in /home/ubuntu/workspace/Tema_finala/api/controllers/Articles.php on line 25
[02-Aug-2017 10:25:49 UTC] PHP Stack trace:
[02-Aug-2017 10:25:49 UTC] PHP   1. {main}() /home/ubuntu/workspace/Tema_finala/api/index.php:0
[02-Aug-2017 10:26:03 UTC] PHP Warning:  Missing argument 2 for ArticlesModel::selectAll(), called in /home/ubuntu/workspace/Tema_finala/api/controllers/Articles.php on line 17 and defined in /home/ubuntu/workspace/Tema_finala/api/models/ArticlesModel.php on line 7
[02-Aug-2017 10:26:03 UTC] PHP Stack trace:
[02-Aug-2017 10:26:03 UTC] PHP   1. {main}() /home/ubuntu/workspace/Tema_finala/api/index.php:0
[02-Aug-2017 10:26:03 UTC] PHP   2. Articles->getAll() /home/ubuntu/workspace/Tema_finala/api/index.php:38
[02-Aug-2017 10:26:03 UTC] PHP   3. ArticlesModel->selectAll() /home/ubuntu/workspace/Tema_finala/api/controllers/Articles.php:17
[02-Aug-2017 10:31:30 UTC] PHP Fatal error:  Call to a member function execute() on a non-object in /home/ubuntu/workspace/Tema_finala/api/models/ArticlesModel.php on line 10
[02-Aug-2017 10:31:30 UTC] PHP Stack trace:
[02-Aug-2017 10:31:30 UTC] PHP   1. {main}() /home/ubuntu/workspace/Tema_finala/api/index.php:0
[02-Aug-2017 10:31:30 UTC] PHP   2. Articles->getAll() /home/ubuntu/workspace/Tema_finala/api/index.php:38
[02-Aug-2017 10:31:30 UTC] PHP   3. ArticlesModel->selectAll() /home/ubuntu/workspace/Tema_finala/api/controllers/Articles.php:22
[02-Aug-2017 20:32:54 UTC] PHP Fatal error:  Call to a member function execute() on a non-object in /home/ubuntu/workspace/Tema_finala/api/models/ArticlesModel.php on line 10
[02-Aug-2017 20:32:54 UTC] PHP Stack trace:
[02-Aug-2017 20:32:54 UTC] PHP   1. {main}() /home/ubuntu/workspace/Tema_finala/api/index.php:0
[02-Aug-2017 20:32:54 UTC] PHP   2. Articles->getAll() /home/ubuntu/workspace/Tema_finala/api/index.php:38
[02-Aug-2017 20:32:54 UTC] PHP   3. ArticlesModel->limitAll() /home/ubuntu/workspace/Tema_finala/api/controllers/Articles.php:18
[02-Aug-2017 20:33:05 UTC] PHP Fatal error:  Call to a member function execute() on a non-object in /home/ubuntu/workspace/Tema_finala/api/models/ArticlesModel.php on line 10
[02-Aug-2017 20:33:05 UTC] PHP Stack trace:
[02-Aug-2017 20:33:05 UTC] PHP   1. {main}() /home/ubuntu/workspace/Tema_finala/api/index.php:0
[02-Aug-2017 20:33:05 UTC] PHP   2. Articles->getAll() /home/ubuntu/workspace/Tema_finala/api/index.php:38
[02-Aug-2017 20:33:05 UTC] PHP   3. ArticlesModel->limitAll() /home/ubuntu/workspace/Tema_finala/api/controllers/Articles.php:18
[02-Aug-2017 20:37:34 UTC] PHP Fatal error:  Call to a member function execute() on a non-object in /home/ubuntu/workspace/Tema_finala/api/models/ArticlesModel.php on line 10
[02-Aug-2017 20:37:34 UTC] PHP Stack trace:
[02-Aug-2017 20:37:34 UTC] PHP   1. {main}() /home/ubuntu/workspace/Tema_finala/api/index.php:0
[02-Aug-2017 20:37:34 UTC] PHP   2. Articles->getAll() /home/ubuntu/workspace/Tema_finala/api/index.php:38
[02-Aug-2017 20:37:34 UTC] PHP   3. ArticlesModel->limitAll() /home/ubuntu/workspace/Tema_finala/api/controllers/Articles.php:18
[03-Aug-2017 09:22:38 UTC] PHP Fatal error:  Call to a member function execute() on a non-object in /home/ubuntu/workspace/Tema_finala/api/models/ArticlesModel.php on line 10
[03-Aug-2017 09:22:38 UTC] PHP Stack trace:
[03-Aug-2017 09:22:38 UTC] PHP   1. {main}() /home/ubuntu/workspace/Tema_finala/api/index.php:0
[03-Aug-2017 09:22:38 UTC] PHP   2. Articles->getAll() /home/ubuntu/workspace/Tema_finala/api/index.php:38
[03-Aug-2017 09:22:38 UTC] PHP   3. ArticlesModel->limitAll() /home/ubuntu/workspace/Tema_finala/api/controllers/Articles.php:18
[03-Aug-2017 14:56:07 UTC] PHP Fatal error:  Call to a member function execute() on a non-object in /home/ubuntu/workspace/Tema_finala/api/models/ArticlesModel.php on line 29
[03-Aug-2017 14:56:07 UTC] PHP Stack trace:
[03-Aug-2017 14:56:07 UTC] PHP   1. {main}() /home/ubuntu/workspace/Tema_finala/api/index.php:0
[03-Aug-2017 14:56:07 UTC] PHP   2. Articles->addItem() /home/ubuntu/workspace/Tema_finala/api/index.php:38
[03-Aug-2017 14:56:07 UTC] PHP   3. ArticlesModel->insertItem() /home/ubuntu/workspace/Tema_finala/api/controllers/Articles.php:49
[03-Aug-2017 15:08:01 UTC] PHP Warning:  date() expects parameter 2 to be long, string given in /home/ubuntu/workspace/Tema_finala/api/controllers/Articles.php on line 41
[03-Aug-2017 15:08:01 UTC] PHP Stack trace:
[03-Aug-2017 15:08:01 UTC] PHP   1. {main}() /home/ubuntu/workspace/Tema_finala/api/index.php:0
[03-Aug-2017 15:08:01 UTC] PHP   2. Articles->addItem() /home/ubuntu/workspace/Tema_finala/api/index.php:38
[03-Aug-2017 15:08:01 UTC] PHP   3. date() /home/ubuntu/workspace/Tema_finala/api/controllers/Articles.php:41
[03-Aug-2017 15:12:19 UTC] PHP Fatal error:  Call to a member function execute() on a non-object in /home/ubuntu/workspace/Tema_finala/api/models/ArticlesModel.php on line 29
[03-Aug-2017 15:12:19 UTC] PHP Stack trace:
[03-Aug-2017 15:12:19 UTC] PHP   1. {main}() /home/ubuntu/workspace/Tema_finala/api/index.php:0
[03-Aug-2017 15:12:19 UTC] PHP   2. Articles->addItem() /home/ubuntu/workspace/Tema_finala/api/index.php:38
[03-Aug-2017 15:12:19 UTC] PHP   3. ArticlesModel->insertItem() /home/ubuntu/workspace/Tema_finala/api/controllers/Articles.php:50
[05-Aug-2017 10:59:59 UTC] PHP Fatal error:  Call to a member function execute() on a non-object in /home/ubuntu/workspace/Tema_finala/api/models/ArticlesModel.php on line 10
[05-Aug-2017 10:59:59 UTC] PHP Stack trace:
[05-Aug-2017 10:59:59 UTC] PHP   1. {main}() /home/ubuntu/workspace/Tema_finala/api/index.php:0
[05-Aug-2017 10:59:59 UTC] PHP   2. Articles->getAll() /home/ubuntu/workspace/Tema_finala/api/index.php:38
[05-Aug-2017 10:59:59 UTC] PHP   3. ArticlesModel->limitAll() /home/ubuntu/workspace/Tema_finala/api/controllers/Articles.php:18
[05-Aug-2017 12:35:59 UTC] PHP Fatal error:  Call to a member function execute() on a non-object in /home/ubuntu/workspace/Tema_finala/api/models/ArticlesModel.php on line 19
[05-Aug-2017 12:35:59 UTC] PHP Stack trace:
[05-Aug-2017 12:35:59 UTC] PHP   1. {main}() /home/ubuntu/workspace/Tema_finala/api/index.php:0
[05-Aug-2017 12:35:59 UTC] PHP   2. Articles->getAll() /home/ubuntu/workspace/Tema_finala/api/index.php:38
[05-Aug-2017 12:35:59 UTC] PHP   3. ArticlesModel->limitAll() /home/ubuntu/workspace/Tema_finala/api/controllers/Articles.php:18
[05-Aug-2017 12:36:01 UTC] PHP Fatal error:  Call to a member function execute() on a non-object in /home/ubuntu/workspace/Tema_finala/api/models/ArticlesModel.php on line 19
[05-Aug-2017 12:36:01 UTC] PHP Stack trace:
[05-Aug-2017 12:36:01 UTC] PHP   1. {main}() /home/ubuntu/workspace/Tema_finala/api/index.php:0
[05-Aug-2017 12:36:01 UTC] PHP   2. Articles->getAll() /home/ubuntu/workspace/Tema_finala/api/index.php:38
[05-Aug-2017 12:36:01 UTC] PHP   3. ArticlesModel->limitAll() /home/ubuntu/workspace/Tema_finala/api/controllers/Articles.php:18
[05-Aug-2017 20:22:02 UTC] PHP Fatal error:  Call to a member function execute() on a non-object in /home/ubuntu/workspace/Tema_finala/api/models/DB.php on line 23
[05-Aug-2017 20:22:02 UTC] PHP Stack trace:
[05-Aug-2017 20:22:02 UTC] PHP   1. {main}() /home/ubuntu/workspace/Tema_finala/api/index.php:0
[05-Aug-2017 20:22:02 UTC] PHP   2. Articles->getItem() /home/ubuntu/workspace/Tema_finala/api/index.php:36
[05-Aug-2017 20:22:02 UTC] PHP   3. ArticlesModel->selectItem() /home/ubuntu/workspace/Tema_finala/api/controllers/Articles.php:35
[05-Aug-2017 20:22:02 UTC] PHP   4. DB->executeQuery() /home/ubuntu/workspace/Tema_finala/api/models/ArticlesModel.php:39
[05-Aug-2017 20:23:14 UTC] PHP Fatal error:  Call to a member function execute() on a non-object in /home/ubuntu/workspace/Tema_finala/api/models/DB.php on line 23
[05-Aug-2017 20:23:14 UTC] PHP Stack trace:
[05-Aug-2017 20:23:14 UTC] PHP   1. {main}() /home/ubuntu/workspace/Tema_finala/api/index.php:0
[05-Aug-2017 20:23:14 UTC] PHP   2. Articles->getItem() /home/ubuntu/workspace/Tema_finala/api/index.php:36
[05-Aug-2017 20:23:14 UTC] PHP   3. ArticlesModel->selectItem() /home/ubuntu/workspace/Tema_finala/api/controllers/Articles.php:35
[05-Aug-2017 20:23:14 UTC] PHP   4. DB->executeQuery() /home/ubuntu/workspace/Tema_finala/api/models/ArticlesModel.php:39
[05-Aug-2017 20:24:13 UTC] PHP Fatal error:  Call to a member function execute() on a non-object in /home/ubuntu/workspace/Tema_finala/api/models/ArticlesModel.php on line 40
[05-Aug-2017 20:24:13 UTC] PHP Stack trace:
[05-Aug-2017 20:24:13 UTC] PHP   1. {main}() /home/ubuntu/workspace/Tema_finala/api/index.php:0
[05-Aug-2017 20:24:13 UTC] PHP   2. Articles->getItem() /home/ubuntu/workspace/Tema_finala/api/index.php:36
[05-Aug-2017 20:24:13 UTC] PHP   3. ArticlesModel->selectItem() /home/ubuntu/workspace/Tema_finala/api/controllers/Articles.php:35
[05-Aug-2017 20:27:39 UTC] PHP Warning:  PDOStatement::execute() expects parameter 1 to be array, string given in /home/ubuntu/workspace/Tema_finala/api/models/ArticlesModel.php on line 40
[05-Aug-2017 20:27:39 UTC] PHP Stack trace:
[05-Aug-2017 20:27:39 UTC] PHP   1. {main}() /home/ubuntu/workspace/Tema_finala/api/index.php:0
[05-Aug-2017 20:27:39 UTC] PHP   2. Articles->getItem() /home/ubuntu/workspace/Tema_finala/api/index.php:36
[05-Aug-2017 20:27:39 UTC] PHP   3. ArticlesModel->selectItem() /home/ubuntu/workspace/Tema_finala/api/controllers/Articles.php:35
[05-Aug-2017 20:27:39 UTC] PHP   4. PDOStatement->execute() /home/ubuntu/workspace/Tema_finala/api/models/ArticlesModel.php:40
[05-Aug-2017 21:53:06 UTC] PHP Fatal error:  Class 'CommentsModel' not found in /home/ubuntu/workspace/Tema_finala/api/controllers/Comments.php on line 10
[05-Aug-2017 21:53:06 UTC] PHP Stack trace:
[05-Aug-2017 21:53:06 UTC] PHP   1. {main}() /home/ubuntu/workspace/Tema_finala/api/index.php:0
[05-Aug-2017 21:53:06 UTC] PHP   2. Comments->__construct() /home/ubuntu/workspace/Tema_finala/api/index.php:34
[05-Aug-2017 21:53:17 UTC] PHP Fatal error:  Class 'CommentsModel' not found in /home/ubuntu/workspace/Tema_finala/api/controllers/Comments.php on line 10
[05-Aug-2017 21:53:17 UTC] PHP Stack trace:
[05-Aug-2017 21:53:17 UTC] PHP   1. {main}() /home/ubuntu/workspace/Tema_finala/api/index.php:0
[05-Aug-2017 21:53:17 UTC] PHP   2. Comments->__construct() /home/ubuntu/workspace/Tema_finala/api/index.php:34
[05-Aug-2017 21:53:57 UTC] PHP Fatal error:  Class 'CommentsModel' not found in /home/ubuntu/workspace/Tema_finala/api/controllers/Comments.php on line 10
[05-Aug-2017 21:53:57 UTC] PHP Stack trace:
[05-Aug-2017 21:53:57 UTC] PHP   1. {main}() /home/ubuntu/workspace/Tema_finala/api/index.php:0
[05-Aug-2017 21:53:57 UTC] PHP   2. Comments->__construct() /home/ubuntu/workspace/Tema_finala/api/index.php:34
[05-Aug-2017 21:54:52 UTC] PHP Fatal error:  Class 'CommentsModel' not found in /home/ubuntu/workspace/Tema_finala/api/controllers/Comments.php on line 10
[05-Aug-2017 21:54:52 UTC] PHP Stack trace:
[05-Aug-2017 21:54:52 UTC] PHP   1. {main}() /home/ubuntu/workspace/Tema_finala/api/index.php:0
[05-Aug-2017 21:54:52 UTC] PHP   2. Comments->__construct() /home/ubuntu/workspace/Tema_finala/api/index.php:34
[05-Aug-2017 21:55:13 UTC] PHP Fatal error:  Class 'CommentsModel' not found in /home/ubuntu/workspace/Tema_finala/api/controllers/Comments.php on line 10
[05-Aug-2017 21:55:13 UTC] PHP Stack trace:
[05-Aug-2017 21:55:13 UTC] PHP   1. {main}() /home/ubuntu/workspace/Tema_finala/api/index.php:0
[05-Aug-2017 21:55:13 UTC] PHP   2. Comments->__construct() /home/ubuntu/workspace/Tema_finala/api/index.php:34
[05-Aug-2017 21:56:18 UTC] PHP Fatal error:  Class 'CommentsModel' not found in /home/ubuntu/workspace/Tema_finala/api/controllers/Comments.php on line 10
[05-Aug-2017 21:56:18 UTC] PHP Stack trace:
[05-Aug-2017 21:56:18 UTC] PHP   1. {main}() /home/ubuntu/workspace/Tema_finala/api/index.php:0
[05-Aug-2017 21:56:18 UTC] PHP   2. Comments->__construct() /home/ubuntu/workspace/Tema_finala/api/index.php:34
[05-Aug-2017 21:59:46 UTC] PHP Fatal error:  Class 'CommentsModel' not found in /home/ubuntu/workspace/Tema_finala/api/controllers/Comments.php on line 10
[05-Aug-2017 21:59:46 UTC] PHP Stack trace:
[05-Aug-2017 21:59:46 UTC] PHP   1. {main}() /home/ubuntu/workspace/Tema_finala/api/index.php:0
[05-Aug-2017 21:59:46 UTC] PHP   2. Comments->__construct() /home/ubuntu/workspace/Tema_finala/api/index.php:34
[06-Aug-2017 00:00:20 UTC] PHP Fatal error:  Call to a member function execute() on a non-object in /home/ubuntu/workspace/Tema_finala/api/models/CommentsModel.php on line 26
[06-Aug-2017 00:00:20 UTC] PHP Stack trace:
[06-Aug-2017 00:00:20 UTC] PHP   1. {main}() /home/ubuntu/workspace/Tema_finala/api/index.php:0
[06-Aug-2017 00:00:20 UTC] PHP   2. Comments->addItem() /home/ubuntu/workspace/Tema_finala/api/index.php:38
[06-Aug-2017 00:00:20 UTC] PHP   3. CommentsModel->insertItem() /home/ubuntu/workspace/Tema_finala/api/controllers/Comments.php:37
[06-Aug-2017 00:01:07 UTC] PHP Fatal error:  Call to a member function execute() on a non-object in /home/ubuntu/workspace/Tema_finala/api/models/CommentsModel.php on line 26
[06-Aug-2017 00:01:07 UTC] PHP Stack trace:
[06-Aug-2017 00:01:07 UTC] PHP   1. {main}() /home/ubuntu/workspace/Tema_finala/api/index.php:0
[06-Aug-2017 00:01:07 UTC] PHP   2. Comments->addItem() /home/ubuntu/workspace/Tema_finala/api/index.php:38
[06-Aug-2017 00:01:07 UTC] PHP   3. CommentsModel->insertItem() /home/ubuntu/workspace/Tema_finala/api/controllers/Comments.php:37
[06-Aug-2017 00:01:10 UTC] PHP Fatal error:  Call to a member function execute() on a non-object in /home/ubuntu/workspace/Tema_finala/api/models/CommentsModel.php on line 26
[06-Aug-2017 00:01:10 UTC] PHP Stack trace:
[06-Aug-2017 00:01:10 UTC] PHP   1. {main}() /home/ubuntu/workspace/Tema_finala/api/index.php:0
[06-Aug-2017 00:01:10 UTC] PHP   2. Comments->addItem() /home/ubuntu/workspace/Tema_finala/api/index.php:38
[06-Aug-2017 00:01:10 UTC] PHP   3. CommentsModel->insertItem() /home/ubuntu/workspace/Tema_finala/api/controllers/Comments.php:37
[06-Aug-2017 00:01:10 UTC] PHP Fatal error:  Call to a member function execute() on a non-object in /home/ubuntu/workspace/Tema_finala/api/models/CommentsModel.php on line 26
[06-Aug-2017 00:01:10 UTC] PHP Stack trace:
[06-Aug-2017 00:01:10 UTC] PHP   1. {main}() /home/ubuntu/workspace/Tema_finala/api/index.php:0
[06-Aug-2017 00:01:10 UTC] PHP   2. Comments->addItem() /home/ubuntu/workspace/Tema_finala/api/index.php:38
[06-Aug-2017 00:01:10 UTC] PHP   3. CommentsModel->insertItem() /home/ubuntu/workspace/Tema_finala/api/controllers/Comments.php:37
[06-Aug-2017 00:01:11 UTC] PHP Fatal error:  Call to a member function execute() on a non-object in /home/ubuntu/workspace/Tema_finala/api/models/CommentsModel.php on line 26
[06-Aug-2017 00:01:11 UTC] PHP Stack trace:
[06-Aug-2017 00:01:11 UTC] PHP   1. {main}() /home/ubuntu/workspace/Tema_finala/api/index.php:0
[06-Aug-2017 00:01:11 UTC] PHP   2. Comments->addItem() /home/ubuntu/workspace/Tema_finala/api/index.php:38
[06-Aug-2017 00:01:11 UTC] PHP   3. CommentsModel->insertItem() /home/ubuntu/workspace/Tema_finala/api/controllers/Comments.php:37
[06-Aug-2017 00:01:11 UTC] PHP Fatal error:  Call to a member function execute() on a non-object in /home/ubuntu/workspace/Tema_finala/api/models/CommentsModel.php on line 26
[06-Aug-2017 00:01:11 UTC] PHP Stack trace:
[06-Aug-2017 00:01:11 UTC] PHP   1. {main}() /home/ubuntu/workspace/Tema_finala/api/index.php:0
[06-Aug-2017 00:01:11 UTC] PHP   2. Comments->addItem() /home/ubuntu/workspace/Tema_finala/api/index.php:38
[06-Aug-2017 00:01:11 UTC] PHP   3. CommentsModel->insertItem() /home/ubuntu/workspace/Tema_finala/api/controllers/Comments.php:37
[06-Aug-2017 00:01:11 UTC] PHP Fatal error:  Call to a member function execute() on a non-object in /home/ubuntu/workspace/Tema_finala/api/models/CommentsModel.php on line 26
[06-Aug-2017 00:01:11 UTC] PHP Stack trace:
[06-Aug-2017 00:01:11 UTC] PHP   1. {main}() /home/ubuntu/workspace/Tema_finala/api/index.php:0
[06-Aug-2017 00:01:11 UTC] PHP   2. Comments->addItem() /home/ubuntu/workspace/Tema_finala/api/index.php:38
[06-Aug-2017 00:01:11 UTC] PHP   3. CommentsModel->insertItem() /home/ubuntu/workspace/Tema_finala/api/controllers/Comments.php:37
[06-Aug-2017 00:01:12 UTC] PHP Fatal error:  Call to a member function execute() on a non-object in /home/ubuntu/workspace/Tema_finala/api/models/CommentsModel.php on line 26
[06-Aug-2017 00:01:12 UTC] PHP Stack trace:
[06-Aug-2017 00:01:12 UTC] PHP   1. {main}() /home/ubuntu/workspace/Tema_finala/api/index.php:0
[06-Aug-2017 00:01:12 UTC] PHP   2. Comments->addItem() /home/ubuntu/workspace/Tema_finala/api/index.php:38
[06-Aug-2017 00:01:12 UTC] PHP   3. CommentsModel->insertItem() /home/ubuntu/workspace/Tema_finala/api/controllers/Comments.php:37
[06-Aug-2017 00:01:12 UTC] PHP Fatal error:  Call to a member function execute() on a non-object in /home/ubuntu/workspace/Tema_finala/api/models/CommentsModel.php on line 26
[06-Aug-2017 00:01:12 UTC] PHP Stack trace:
[06-Aug-2017 00:01:12 UTC] PHP   1. {main}() /home/ubuntu/workspace/Tema_finala/api/index.php:0
[06-Aug-2017 00:01:12 UTC] PHP   2. Comments->addItem() /home/ubuntu/workspace/Tema_finala/api/index.php:38
[06-Aug-2017 00:01:12 UTC] PHP   3. CommentsModel->insertItem() /home/ubuntu/workspace/Tema_finala/api/controllers/Comments.php:37
[06-Aug-2017 00:01:12 UTC] PHP Fatal error:  Call to a member function execute() on a non-object in /home/ubuntu/workspace/Tema_finala/api/models/CommentsModel.php on line 26
[06-Aug-2017 00:01:12 UTC] PHP Stack trace:
[06-Aug-2017 00:01:12 UTC] PHP   1. {main}() /home/ubuntu/workspace/Tema_finala/api/index.php:0
[06-Aug-2017 00:01:12 UTC] PHP   2. Comments->addItem() /home/ubuntu/workspace/Tema_finala/api/index.php:38
[06-Aug-2017 00:01:12 UTC] PHP   3. CommentsModel->insertItem() /home/ubuntu/workspace/Tema_finala/api/controllers/Comments.php:37
[06-Aug-2017 00:01:12 UTC] PHP Fatal error:  Call to a member function execute() on a non-object in /home/ubuntu/workspace/Tema_finala/api/models/CommentsModel.php on line 26
[06-Aug-2017 00:01:12 UTC] PHP Stack trace:
[06-Aug-2017 00:01:12 UTC] PHP   1. {main}() /home/ubuntu/workspace/Tema_finala/api/index.php:0
[06-Aug-2017 00:01:12 UTC] PHP   2. Comments->addItem() /home/ubuntu/workspace/Tema_finala/api/index.php:38
[06-Aug-2017 00:01:12 UTC] PHP   3. CommentsModel->insertItem() /home/ubuntu/workspace/Tema_finala/api/controllers/Comments.php:37
[06-Aug-2017 00:01:16 UTC] PHP Fatal error:  Call to a member function execute() on a non-object in /home/ubuntu/workspace/Tema_finala/api/models/CommentsModel.php on line 26
[06-Aug-2017 00:01:16 UTC] PHP Stack trace:
[06-Aug-2017 00:01:16 UTC] PHP   1. {main}() /home/ubuntu/workspace/Tema_finala/api/index.php:0
[06-Aug-2017 00:01:16 UTC] PHP   2. Comments->addItem() /home/ubuntu/workspace/Tema_finala/api/index.php:38
[06-Aug-2017 00:01:16 UTC] PHP   3. CommentsModel->insertItem() /home/ubuntu/workspace/Tema_finala/api/controllers/Comments.php:37
[06-Aug-2017 00:06:47 UTC] PHP Fatal error:  Call to a member function execute() on a non-object in /home/ubuntu/workspace/Tema_finala/api/models/CommentsModel.php on line 26
[06-Aug-2017 00:06:47 UTC] PHP Stack trace:
[06-Aug-2017 00:06:47 UTC] PHP   1. {main}() /home/ubuntu/workspace/Tema_finala/api/index.php:0
[06-Aug-2017 00:06:47 UTC] PHP   2. Comments->addItem() /home/ubuntu/workspace/Tema_finala/api/index.php:38
[06-Aug-2017 00:06:47 UTC] PHP   3. CommentsModel->insertItem() /home/ubuntu/workspace/Tema_finala/api/controllers/Comments.php:37
[06-Aug-2017 00:07:13 UTC] PHP Fatal error:  Call to a member function execute() on a non-object in /home/ubuntu/workspace/Tema_finala/api/models/CommentsModel.php on line 26
[06-Aug-2017 00:07:13 UTC] PHP Stack trace:
[06-Aug-2017 00:07:13 UTC] PHP   1. {main}() /home/ubuntu/workspace/Tema_finala/api/index.php:0
[06-Aug-2017 00:07:13 UTC] PHP   2. Comments->addItem() /home/ubuntu/workspace/Tema_finala/api/index.php:38
[06-Aug-2017 00:07:13 UTC] PHP   3. CommentsModel->insertItem() /home/ubuntu/workspace/Tema_finala/api/controllers/Comments.php:37
[06-Aug-2017 00:07:15 UTC] PHP Fatal error:  Call to a member function execute() on a non-object in /home/ubuntu/workspace/Tema_finala/api/models/CommentsModel.php on line 26
[06-Aug-2017 00:07:15 UTC] PHP Stack trace:
[06-Aug-2017 00:07:15 UTC] PHP   1. {main}() /home/ubuntu/workspace/Tema_finala/api/index.php:0
[06-Aug-2017 00:07:15 UTC] PHP   2. Comments->addItem() /home/ubuntu/workspace/Tema_finala/api/index.php:38
[06-Aug-2017 00:07:15 UTC] PHP   3. CommentsModel->insertItem() /home/ubuntu/workspace/Tema_finala/api/controllers/Comments.php:37
[06-Aug-2017 00:08:02 UTC] PHP Fatal error:  Call to a member function execute() on a non-object in /home/ubuntu/workspace/Tema_finala/api/models/CommentsModel.php on line 26
[06-Aug-2017 00:08:02 UTC] PHP Stack trace:
[06-Aug-2017 00:08:02 UTC] PHP   1. {main}() /home/ubuntu/workspace/Tema_finala/api/index.php:0
[06-Aug-2017 00:08:02 UTC] PHP   2. Comments->addItem() /home/ubuntu/workspace/Tema_finala/api/index.php:38
[06-Aug-2017 00:08:02 UTC] PHP   3. CommentsModel->insertItem() /home/ubuntu/workspace/Tema_finala/api/controllers/Comments.php:37
[06-Aug-2017 00:12:17 UTC] PHP Fatal error:  Call to a member function execute() on a non-object in /home/ubuntu/workspace/Tema_finala/api/models/CommentsModel.php on line 26
[06-Aug-2017 00:12:17 UTC] PHP Stack trace:
[06-Aug-2017 00:12:17 UTC] PHP   1. {main}() /home/ubuntu/workspace/Tema_finala/api/index.php:0
[06-Aug-2017 00:12:17 UTC] PHP   2. Comments->addItem() /home/ubuntu/workspace/Tema_finala/api/index.php:38
[06-Aug-2017 00:12:17 UTC] PHP   3. CommentsModel->insertItem() /home/ubuntu/workspace/Tema_finala/api/controllers/Comments.php:37
[08-Aug-2017 16:40:48 UTC] PHP Warning:  mysql_num_rows() expects parameter 1 to be resource, boolean given in /home/ubuntu/workspace/Tema_finala/api/controllers/Users.php on line 29
[08-Aug-2017 16:40:48 UTC] PHP Stack trace:
[08-Aug-2017 16:40:48 UTC] PHP   1. {main}() /home/ubuntu/workspace/Tema_finala/api/index.php:0
[08-Aug-2017 16:40:48 UTC] PHP   2. Users->signup() /home/ubuntu/workspace/Tema_finala/api/index.php:38
[08-Aug-2017 16:40:48 UTC] PHP   3. mysql_num_rows() /home/ubuntu/workspace/Tema_finala/api/controllers/Users.php:29
[08-Aug-2017 16:46:16 UTC] PHP Warning:  mysql_num_rows() expects parameter 1 to be resource, boolean given in /home/ubuntu/workspace/Tema_finala/api/controllers/Users.php on line 29
[08-Aug-2017 16:46:16 UTC] PHP Stack trace:
[08-Aug-2017 16:46:16 UTC] PHP   1. {main}() /home/ubuntu/workspace/Tema_finala/api/index.php:0
[08-Aug-2017 16:46:16 UTC] PHP   2. Users->signup() /home/ubuntu/workspace/Tema_finala/api/index.php:38
[08-Aug-2017 16:46:16 UTC] PHP   3. mysql_num_rows() /home/ubuntu/workspace/Tema_finala/api/controllers/Users.php:29
[08-Aug-2017 16:46:23 UTC] PHP Warning:  mysql_num_rows() expects parameter 1 to be resource, boolean given in /home/ubuntu/workspace/Tema_finala/api/controllers/Users.php on line 29
[08-Aug-2017 16:46:23 UTC] PHP Stack trace:
[08-Aug-2017 16:46:23 UTC] PHP   1. {main}() /home/ubuntu/workspace/Tema_finala/api/index.php:0
[08-Aug-2017 16:46:23 UTC] PHP   2. Users->signup() /home/ubuntu/workspace/Tema_finala/api/index.php:38
[08-Aug-2017 16:46:23 UTC] PHP   3. mysql_num_rows() /home/ubuntu/workspace/Tema_finala/api/controllers/Users.php:29
[08-Aug-2017 16:50:30 UTC] PHP Fatal error:  Call to a member function execute() on a non-object in /home/ubuntu/workspace/Tema_finala/api/models/DB.php on line 23
[08-Aug-2017 16:50:30 UTC] PHP Stack trace:
[08-Aug-2017 16:50:30 UTC] PHP   1. {main}() /home/ubuntu/workspace/Tema_finala/api/index.php:0
[08-Aug-2017 16:50:30 UTC] PHP   2. Users->signup() /home/ubuntu/workspace/Tema_finala/api/index.php:38
[08-Aug-2017 16:50:30 UTC] PHP   3. UsersModel->checkUsername() /home/ubuntu/workspace/Tema_finala/api/controllers/Users.php:29
[08-Aug-2017 16:50:30 UTC] PHP   4. DB->executeQuery() /home/ubuntu/workspace/Tema_finala/api/models/UsersModel.php:16
[08-Aug-2017 16:50:59 UTC] PHP Fatal error:  Call to a member function execute() on a non-object in /home/ubuntu/workspace/Tema_finala/api/models/DB.php on line 23
[08-Aug-2017 16:50:59 UTC] PHP Stack trace:
[08-Aug-2017 16:50:59 UTC] PHP   1. {main}() /home/ubuntu/workspace/Tema_finala/api/index.php:0
[08-Aug-2017 16:50:59 UTC] PHP   2. Users->signup() /home/ubuntu/workspace/Tema_finala/api/index.php:38
[08-Aug-2017 16:50:59 UTC] PHP   3. UsersModel->checkUsername() /home/ubuntu/workspace/Tema_finala/api/controllers/Users.php:29
[08-Aug-2017 16:50:59 UTC] PHP   4. DB->executeQuery() /home/ubuntu/workspace/Tema_finala/api/models/UsersModel.php:16
